<?xml version="1.0" encoding="UTF-8"?>
<testng-results ignored="0" total="1" passed="1" failed="0" skipped="0">
  <reporter-output>
  </reporter-output>
  <suite started-at="2022-12-15T16:53:25 IST" name="Default suite" finished-at="2022-12-15T16:53:46 IST" duration-ms="20700">
    <groups>
    </groups>
    <test started-at="2022-12-15T16:53:25 IST" name="Default test" finished-at="2022-12-15T16:53:46 IST" duration-ms="20700">
      <class name="Base.Mercury1">
        <test-method is-config="true" signature="lunch()[pri:0, instance:Base.Mercury1@78b66d36]" started-at="2022-12-15T16:53:25 IST" name="lunch" finished-at="2022-12-15T16:53:37 IST" duration-ms="11631" status="PASS">
          <reporter-output>
          </reporter-output>
        </test-method> <!-- lunch -->
        <test-method signature="kiran()[pri:0, instance:Base.Mercury1@78b66d36]" started-at="2022-12-15T16:53:37 IST" name="kiran" finished-at="2022-12-15T16:53:46 IST" duration-ms="9018" status="PASS">
          <reporter-output>
          </reporter-output>
        </test-method> <!-- kiran -->
      </class> <!-- Base.Mercury1 -->
    </test> <!-- Default test -->
  </suite> <!-- Default suite -->
</testng-results>
