<?xml version="1.0" encoding="UTF-8"?>
<testng-results ignored="0" total="1" passed="1" failed="0" skipped="0">
  <reporter-output>
  </reporter-output>
  <suite started-at="2022-12-05T23:37:49 IST" name="Default suite" finished-at="2022-12-05T23:37:58 IST" duration-ms="8965">
    <groups>
    </groups>
    <test started-at="2022-12-05T23:37:49 IST" name="Default test" finished-at="2022-12-05T23:37:58 IST" duration-ms="8965">
      <class name="com.demo.java.ModuleDemo">
        <test-method is-config="true" signature="open()[pri:0, instance:com.demo.java.ModuleDemo@7c7b252e]" started-at="2022-12-05T23:37:39 IST" name="open" finished-at="2022-12-05T23:37:49 IST" duration-ms="9609" status="PASS">
          <reporter-output>
          </reporter-output>
        </test-method> <!-- open -->
        <test-method signature="login()[pri:0, instance:com.demo.java.ModuleDemo@7c7b252e]" started-at="2022-12-05T23:37:49 IST" name="login" finished-at="2022-12-05T23:37:58 IST" duration-ms="8896" status="PASS">
          <reporter-output>
          </reporter-output>
        </test-method> <!-- login -->
      </class> <!-- com.demo.java.ModuleDemo -->
    </test> <!-- Default test -->
  </suite> <!-- Default suite -->
</testng-results>
