<?xml version="1.0" encoding="UTF-8"?>
<testng-results ignored="0" total="2" passed="2" failed="0" skipped="0">
  <reporter-output>
  </reporter-output>
  <suite started-at="2022-12-03T19:49:16 IST" name="Default suite" finished-at="2022-12-03T19:49:46 IST" duration-ms="29747">
    <groups>
    </groups>
    <test started-at="2022-12-03T19:49:16 IST" name="Default test" finished-at="2022-12-03T19:49:46 IST" duration-ms="29747">
      <class name="com.qa.testcases.LoginPageTest">
        <test-method is-config="true" signature="setUp()[pri:0, instance:com.qa.testcases.LoginPageTest@2b71e916]" started-at="2022-12-03T19:49:16 IST" name="setUp" finished-at="2022-12-03T19:49:30 IST" duration-ms="13466" status="PASS">
          <reporter-output>
          </reporter-output>
        </test-method> <!-- setUp -->
        <test-method signature="loginTest()[pri:1, instance:com.qa.testcases.LoginPageTest@2b71e916]" started-at="2022-12-03T19:49:30 IST" name="loginTest" finished-at="2022-12-03T19:49:43 IST" duration-ms="13189" status="PASS">
          <reporter-output>
          </reporter-output>
        </test-method> <!-- loginTest -->
        <test-method signature="loginPageTitle()[pri:2, instance:com.qa.testcases.LoginPageTest@2b71e916]" started-at="2022-12-03T19:49:43 IST" name="loginPageTitle" finished-at="2022-12-03T19:49:46 IST" duration-ms="3034" status="PASS">
          <reporter-output>
          </reporter-output>
        </test-method> <!-- loginPageTitle -->
        <test-method is-config="true" signature="close()[pri:0, instance:com.qa.testcases.LoginPageTest@2b71e916]" started-at="2022-12-03T19:49:46 IST" name="close" finished-at="2022-12-03T19:49:46 IST" duration-ms="0" status="PASS">
          <reporter-output>
          </reporter-output>
        </test-method> <!-- close -->
      </class> <!-- com.qa.testcases.LoginPageTest -->
    </test> <!-- Default test -->
  </suite> <!-- Default suite -->
</testng-results>
